<?xml version="1.0" encoding="UTF-8"?>
<testng-results ignored="0" total="1" passed="1" failed="0" skipped="0">
  <reporter-output>
  </reporter-output>
  <suite started-at="2022-11-09T14:55:14 ICT" name="Default suite" finished-at="2022-11-09T14:55:16 ICT" duration-ms="2028">
    <groups>
    </groups>
    <test started-at="2022-11-09T14:55:14 ICT" name="Default test" finished-at="2022-11-09T14:55:16 ICT" duration-ms="2028">
      <class name="test.TestNG">
        <test-method is-config="true" signature="launchBroswer()[pri:0, instance:test.TestNG@2227a6c1]" started-at="2022-11-09T14:55:14 ICT" name="launchBroswer" finished-at="2022-11-09T14:55:16 ICT" duration-ms="1195" status="PASS">
          <reporter-output>
          </reporter-output>
        </test-method> <!-- launchBroswer -->
        <test-method signature="Invalidusername()[pri:1, instance:test.TestNG@2227a6c1]" started-at="2022-11-09T14:55:16 ICT" name="Invalidusername" finished-at="2022-11-09T14:55:16 ICT" duration-ms="288" status="PASS">
          <reporter-output>
          </reporter-output>
        </test-method> <!-- Invalidusername -->
        <test-method is-config="true" signature="closeBrowser()[pri:0, instance:test.TestNG@2227a6c1]" started-at="2022-11-09T14:55:16 ICT" name="closeBrowser" finished-at="2022-11-09T14:55:16 ICT" duration-ms="524" status="PASS">
          <reporter-output>
          </reporter-output>
        </test-method> <!-- closeBrowser -->
      </class> <!-- test.TestNG -->
    </test> <!-- Default test -->
  </suite> <!-- Default suite -->
</testng-results>
